<?xml version="1.0" encoding="UTF-8"?>
<!-- Generated by org.testng.reporters.JUnitReportReporter -->
<testsuite hostname="DESKTOP-F0KSG2H" failures="0" tests="2" name="test.LMS_Login_test" time="4.440" errors="0" timestamp="2022-04-06T10:57:54 IST" skipped="0">
  <testcase classname="test.LMS_Login_test" name="Invalid_Login_functionality" time="1.696"/>
  <system-out/>
  <testcase classname="test.LMS_Login_test" name="Login_functionality" time="2.744"/>
  <system-out/>
</testsuite> <!-- test.LMS_Login_test -->
