<?xml version="1.0" encoding="UTF-8"?>
<!-- Generated by org.testng.reporters.JUnitReportReporter -->
<testsuite hostname="DESKTOP-F0KSG2H" failures="0" tests="2" name="test.LMS_Feedback_test$logintest" time="6.506" errors="0" timestamp="2022-04-06T11:32:11 IST" skipped="0">
  <testcase classname="test.LMS_Feedback_test$logintest" name="feedback_funtionality" time="6.124"/>
  <system-out/>
  <testcase classname="test.LMS_Feedback_test$logintest" name="T_dropdown_funtionality" time="0.382"/>
  <system-out/>
</testsuite> <!-- test.LMS_Feedback_test$logintest -->
