<?xml version="1.0" encoding="UTF-8"?>
<!-- Generated by org.testng.reporters.JUnitReportReporter -->
<testsuite hostname="DESKTOP-F0KSG2H" failures="0" tests="2" name="test.LMS_Content_test$logintest" time="13.950" errors="0" timestamp="2022-04-06T10:57:54 IST" skipped="0">
  <testcase classname="test.LMS_Content_test$logintest" name="openjavacourse_funtionality" time="0.618"/>
  <system-out/>
  <testcase classname="test.LMS_Content_test$logintest" name="java_page_open" time="13.332"/>
  <system-out/>
</testsuite> <!-- test.LMS_Content_test$logintest -->
